[debug] [2025-11-13T19:45:52.992Z] ----------------------------------------------------------------------
[debug] [2025-11-13T19:45:52.993Z] Command:       /opt/homebrew/Cellar/node/22.5.1/bin/node /opt/homebrew/bin/firebase deploy --only hosting
[debug] [2025-11-13T19:45:52.994Z] CLI Version:   14.24.2
[debug] [2025-11-13T19:45:52.994Z] Platform:      darwin
[debug] [2025-11-13T19:45:52.994Z] Node Version:  v22.5.1
[debug] [2025-11-13T19:45:52.994Z] Time:          Thu Nov 13 2025 11:45:52 GMT-0800 (Pacific Standard Time)
[debug] [2025-11-13T19:45:52.994Z] ----------------------------------------------------------------------
[debug] 
[debug] [2025-11-13T19:45:52.996Z] >>> [apiv2][query] GET https://firebase-public.firebaseio.com/cli.json [none]
[debug] [2025-11-13T19:45:53.125Z] > command requires scopes: ["email","openid","https://www.googleapis.com/auth/cloudplatformprojects.readonly","https://www.googleapis.com/auth/firebase","https://www.googleapis.com/auth/cloud-platform"]
[debug] [2025-11-13T19:45:53.126Z] > authorizing via signed-in user (oscarmmgg1234@gmail.com)
[debug] [2025-11-13T19:45:53.126Z] [iam] checking project webportf-f8d66 for permissions ["firebase.projects.get","firebasehosting.sites.update"]
[debug] [2025-11-13T19:45:53.126Z] Checked if tokens are valid: false, expires at: 1683009373221
[debug] [2025-11-13T19:45:53.126Z] Checked if tokens are valid: false, expires at: 1683009373221
[debug] [2025-11-13T19:45:53.126Z] > refreshing access token with scopes: []
[debug] [2025-11-13T19:45:53.127Z] >>> [apiv2][query] POST https://www.googleapis.com/oauth2/v3/token [none]
[debug] [2025-11-13T19:45:53.127Z] >>> [apiv2][body] POST https://www.googleapis.com/oauth2/v3/token [omitted]
[debug] [2025-11-13T19:45:53.225Z] <<< [apiv2][status] POST https://www.googleapis.com/oauth2/v3/token 400
[debug] [2025-11-13T19:45:53.225Z] <<< [apiv2][body] POST https://www.googleapis.com/oauth2/v3/token [omitted]
[debug] [2025-11-13T19:45:53.225Z] >>> [apiv2][query] POST https://cloudresourcemanager.googleapis.com/v1/projects/webportf-f8d66:testIamPermissions [none]
[debug] [2025-11-13T19:45:53.225Z] >>> [apiv2][(partial)header] POST https://cloudresourcemanager.googleapis.com/v1/projects/webportf-f8d66:testIamPermissions x-goog-quota-user=projects/webportf-f8d66
[debug] [2025-11-13T19:45:53.225Z] >>> [apiv2][body] POST https://cloudresourcemanager.googleapis.com/v1/projects/webportf-f8d66:testIamPermissions {"permissions":["firebase.projects.get","firebasehosting.sites.update"]}
[debug] [2025-11-13T19:45:53.251Z] <<< [apiv2][status] GET https://firebase-public.firebaseio.com/cli.json 200
[debug] [2025-11-13T19:45:53.251Z] <<< [apiv2][body] GET https://firebase-public.firebaseio.com/cli.json {"cloudBuildErrorAfter":1594252800000,"cloudBuildWarnAfter":1590019200000,"defaultNode10After":1594252800000,"minVersion":"3.0.5","node8DeploysDisabledAfter":1613390400000,"node8RuntimeDisabledAfter":1615809600000,"node8WarnAfter":1600128000000}
[debug] [2025-11-13T19:45:53.457Z] <<< [apiv2][status] POST https://cloudresourcemanager.googleapis.com/v1/projects/webportf-f8d66:testIamPermissions 401
[debug] [2025-11-13T19:45:53.458Z] <<< [apiv2][body] POST https://cloudresourcemanager.googleapis.com/v1/projects/webportf-f8d66:testIamPermissions {"error":{"code":401,"message":"Request had invalid authentication credentials. Expected OAuth 2 access token, login cookie or other valid authentication credential. See https://developers.google.com/identity/sign-in/web/devconsole-project.","status":"UNAUTHENTICATED","details":[{"@type":"type.googleapis.com/google.rpc.ErrorInfo","reason":"ACCESS_TOKEN_TYPE_UNSUPPORTED","metadata":{"method":"google.cloudresourcemanager.v1.Projects.TestIamPermissions","service":"cloudresourcemanager.googleapis.com"}}]}}
[debug] [2025-11-13T19:45:53.458Z] Got a 401 Unauthenticated error for a call that required authentication. Refreshing tokens.
[debug] [2025-11-13T19:45:53.458Z] Checked if tokens are valid: false, expires at: 1683009373221
[debug] [2025-11-13T19:45:53.458Z] Checked if tokens are valid: false, expires at: 1683009373221
[debug] [2025-11-13T19:45:53.458Z] > refreshing access token with scopes: []
[debug] [2025-11-13T19:45:53.459Z] >>> [apiv2][query] POST https://www.googleapis.com/oauth2/v3/token [none]
[debug] [2025-11-13T19:45:53.459Z] >>> [apiv2][body] POST https://www.googleapis.com/oauth2/v3/token [omitted]
[debug] [2025-11-13T19:45:53.518Z] <<< [apiv2][status] POST https://www.googleapis.com/oauth2/v3/token 400
[debug] [2025-11-13T19:45:53.518Z] <<< [apiv2][body] POST https://www.googleapis.com/oauth2/v3/token [omitted]
[debug] [2025-11-13T19:45:53.520Z] [iam] error while checking permissions, command may fail: Request to https://cloudresourcemanager.googleapis.com/v1/projects/webportf-f8d66:testIamPermissions had HTTP Error: 401, Request had invalid authentication credentials. Expected OAuth 2 access token, login cookie or other valid authentication credential. See https://developers.google.com/identity/sign-in/web/devconsole-project.
[debug] [2025-11-13T19:45:53.520Z] Checked if tokens are valid: false, expires at: 1683009373221
[debug] [2025-11-13T19:45:53.520Z] Checked if tokens are valid: false, expires at: 1683009373221
[debug] [2025-11-13T19:45:53.520Z] > refreshing access token with scopes: []
[debug] [2025-11-13T19:45:53.521Z] >>> [apiv2][query] POST https://www.googleapis.com/oauth2/v3/token [none]
[debug] [2025-11-13T19:45:53.521Z] >>> [apiv2][body] POST https://www.googleapis.com/oauth2/v3/token [omitted]
[debug] [2025-11-13T19:45:53.581Z] <<< [apiv2][status] POST https://www.googleapis.com/oauth2/v3/token 400
[debug] [2025-11-13T19:45:53.581Z] <<< [apiv2][body] POST https://www.googleapis.com/oauth2/v3/token [omitted]
[debug] [2025-11-13T19:45:53.581Z] >>> [apiv2][query] GET https://firebase.googleapis.com/v1beta1/projects/webportf-f8d66 [none]
[debug] [2025-11-13T19:45:53.704Z] <<< [apiv2][status] GET https://firebase.googleapis.com/v1beta1/projects/webportf-f8d66 401
[debug] [2025-11-13T19:45:53.704Z] <<< [apiv2][body] GET https://firebase.googleapis.com/v1beta1/projects/webportf-f8d66 {"error":{"code":401,"message":"Request had invalid authentication credentials. Expected OAuth 2 access token, login cookie or other valid authentication credential. See https://developers.google.com/identity/sign-in/web/devconsole-project.","status":"UNAUTHENTICATED"}}
[debug] [2025-11-13T19:45:53.704Z] Got a 401 Unauthenticated error for a call that required authentication. Refreshing tokens.
[debug] [2025-11-13T19:45:53.704Z] Checked if tokens are valid: false, expires at: 1683009373221
[debug] [2025-11-13T19:45:53.704Z] Checked if tokens are valid: false, expires at: 1683009373221
[debug] [2025-11-13T19:45:53.704Z] > refreshing access token with scopes: []
[debug] [2025-11-13T19:45:53.704Z] >>> [apiv2][query] POST https://www.googleapis.com/oauth2/v3/token [none]
[debug] [2025-11-13T19:45:53.704Z] >>> [apiv2][body] POST https://www.googleapis.com/oauth2/v3/token [omitted]
[debug] [2025-11-13T19:45:53.761Z] <<< [apiv2][status] POST https://www.googleapis.com/oauth2/v3/token 400
[debug] [2025-11-13T19:45:53.761Z] <<< [apiv2][body] POST https://www.googleapis.com/oauth2/v3/token [omitted]
[debug] [2025-11-13T19:45:53.762Z] Request to https://firebase.googleapis.com/v1beta1/projects/webportf-f8d66 had HTTP Error: 401, Request had invalid authentication credentials. Expected OAuth 2 access token, login cookie or other valid authentication credential. See https://developers.google.com/identity/sign-in/web/devconsole-project.
[error] 
[error] Error: Assertion failed: resolving hosting target of a site with no site name or target name. This should have caused an error earlier
[debug] [2025-11-13T19:46:24.672Z] ----------------------------------------------------------------------
[debug] [2025-11-13T19:46:24.674Z] Command:       /opt/homebrew/Cellar/node/22.5.1/bin/node /opt/homebrew/bin/firebase init
[debug] [2025-11-13T19:46:24.675Z] CLI Version:   14.24.2
[debug] [2025-11-13T19:46:24.675Z] Platform:      darwin
[debug] [2025-11-13T19:46:24.675Z] Node Version:  v22.5.1
[debug] [2025-11-13T19:46:24.675Z] Time:          Thu Nov 13 2025 11:46:24 GMT-0800 (Pacific Standard Time)
[debug] [2025-11-13T19:46:24.675Z] ----------------------------------------------------------------------
[debug] 
[info] 
     ######## #### ########  ######## ########     ###     ######  ########
     ##        ##  ##     ## ##       ##     ##  ##   ##  ##       ##
     ######    ##  ########  ######   ########  #########  ######  ######
     ##        ##  ##    ##  ##       ##     ## ##     ##       ## ##
     ##       #### ##     ## ######## ########  ##     ##  ######  ########

You're about to initialize a Firebase project in this directory:

  /Users/oscy/Documents/CSE/CSE/Portfolio/CSEWebDevelopment

Before we get started, keep in mind:

  * You are initializing within an existing Firebase project directory

[debug] [2025-11-13T19:46:41.182Z] ExitPromptError: User force closed the prompt with SIGINT
    at Interface.sigint (/opt/homebrew/lib/node_modules/firebase-tools/node_modules/@inquirer/core/dist/commonjs/lib/create-prompt.js:101:37)
    at Interface.emit (node:events:520:28)
    at Interface.emit (node:domain:488:12)
    at [_ttyWrite] [as _ttyWrite] (node:internal/readline/interface:1125:18)
    at ReadStream.onkeypress (node:internal/readline/interface:264:20)
    at ReadStream.emit (node:events:532:35)
    at ReadStream.emit (node:domain:488:12)
    at emitKeys (node:internal/readline/utils:370:14)
    at emitKeys.next (<anonymous>)
    at ReadStream.onData (node:internal/readline/emitKeypressEvents:64:36)
[error] 
[error] Error: An unexpected error has occurred.
