[debug] [2020-12-03T01:50:37.711Z] ----------------------------------------------------------------------
[debug] [2020-12-03T01:50:37.713Z] Command:       /usr/local/bin/node /usr/local/bin/firebase init
[debug] [2020-12-03T01:50:37.713Z] CLI Version:   8.15.1
[debug] [2020-12-03T01:50:37.713Z] Platform:      darwin
[debug] [2020-12-03T01:50:37.714Z] Node Version:  v12.18.0
[debug] [2020-12-03T01:50:37.715Z] Time:          Wed Dec 02 2020 17:50:37 GMT-0800 (Pacific Standard Time)
[debug] [2020-12-03T01:50:37.715Z] ----------------------------------------------------------------------
[debug] [2020-12-03T01:50:37.715Z] 
[debug] [2020-12-03T01:50:37.724Z] > command requires scopes: ["email","openid","https://www.googleapis.com/auth/cloudplatformprojects.readonly","https://www.googleapis.com/auth/firebase","https://www.googleapis.com/auth/cloud-platform"]
[debug] [2020-12-03T01:50:37.724Z] > authorizing via signed-in user
[info] 
     ######## #### ########  ######## ########     ###     ######  ########
     ##        ##  ##     ## ##       ##     ##  ##   ##  ##       ##
     ######    ##  ########  ######   ########  #########  ######  ######
     ##        ##  ##    ##  ##       ##     ## ##     ##       ## ##
     ##       #### ##     ## ######## ########  ##     ##  ######  ########

You're about to initialize a Firebase project in this directory:

  /Users/omg/Documents/portfolioweb

Before we get started, keep in mind:

  * You are initializing in an existing Firebase project directory

[debug] [2020-12-03T02:00:40.548Z] TypeError: Cannot read property 'setRawMode' of null
    at ReadStream.setRawMode (tty.js:75:28)
    at Interface._setRawMode (readline.js:290:16)
    at Interface.close (readline.js:413:10)
    at ReadStream.ontermend (readline.js:201:10)
    at ReadStream.emit (events.js:327:22)
    at ReadStream.EventEmitter.emit (domain.js:482:12)
    at endReadableNT (_stream_readable.js:1221:12)
    at processTicksAndRejections (internal/process/task_queues.js:84:21)
